[0.301s] DEBUG:colcon:Command line arguments: ['/usr/bin/colcon', 'build', '--symlink-install']
[0.301s] DEBUG:colcon:Parsed command line arguments: Namespace(log_base=None, log_level=None, verb_name='build', build_base='build', install_base='install', merge_install=False, symlink_install=True, test_result_base=None, continue_on_error=False, executor='parallel', parallel_workers=16, event_handlers=None, ignore_user_meta=False, metas=['./colcon.meta'], base_paths=['.'], packages_ignore=None, packages_ignore_regex=None, paths=None, packages_up_to=None, packages_up_to_regex=None, packages_above=None, packages_above_and_dependencies=None, packages_above_depth=None, packages_select_by_dep=None, packages_skip_by_dep=None, packages_skip_up_to=None, packages_select_build_failed=False, packages_skip_build_finished=False, packages_select_test_failures=False, packages_skip_test_passed=False, packages_select=None, packages_skip=None, packages_select_regex=None, packages_skip_regex=None, packages_start=None, packages_end=None, allow_overriding=[], cmake_args=None, cmake_target=None, cmake_target_skip_unavailable=False, cmake_clean_cache=False, cmake_clean_first=False, cmake_force_configure=False, ament_cmake_args=None, catkin_cmake_args=None, catkin_skip_building_tests=False, verb_parser=<colcon_defaults.argument_parser.defaults.DefaultArgumentsDecorator object at 0x7f80c08e1ba0>, verb_extension=<colcon_core.verb.build.BuildVerb object at 0x7f80c1297910>, main=<bound method BuildVerb.main of <colcon_core.verb.build.BuildVerb object at 0x7f80c1297910>>)
[0.319s] Level 1:colcon.colcon_core.package_discovery:discover_packages(colcon_meta) check parameters
[0.320s] Level 1:colcon.colcon_core.package_discovery:discover_packages(recursive) check parameters
[0.320s] Level 1:colcon.colcon_core.package_discovery:discover_packages(ignore) check parameters
[0.320s] Level 1:colcon.colcon_core.package_discovery:discover_packages(path) check parameters
[0.320s] Level 1:colcon.colcon_core.package_discovery:discover_packages(colcon_meta) discover
[0.320s] Level 1:colcon.colcon_core.package_discovery:discover_packages(recursive) discover
[0.320s] INFO:colcon.colcon_core.package_discovery:Crawling recursively for packages in '/home/student/dev_ws/src/skibot/skibot_nav'
[0.320s] Level 1:colcon.colcon_core.package_identification:_identify(.) by extensions ['ignore', 'ignore_ament_install']
[0.320s] Level 1:colcon.colcon_core.package_identification:_identify(.) by extension 'ignore'
[0.320s] Level 1:colcon.colcon_core.package_identification:_identify(.) by extension 'ignore_ament_install'
[0.320s] Level 1:colcon.colcon_core.package_identification:_identify(.) by extensions ['colcon_pkg']
[0.320s] Level 1:colcon.colcon_core.package_identification:_identify(.) by extension 'colcon_pkg'
[0.320s] Level 1:colcon.colcon_core.package_identification:_identify(.) by extensions ['colcon_meta']
[0.320s] Level 1:colcon.colcon_core.package_identification:_identify(.) by extension 'colcon_meta'
[0.320s] Level 1:colcon.colcon_core.package_identification:_identify(.) by extensions ['ros']
[0.320s] Level 1:colcon.colcon_core.package_identification:_identify(.) by extension 'ros'
[0.330s] DEBUG:colcon.colcon_core.package_identification:Package '.' with type 'ros.ament_python' and name 'skibot_nav'
[0.330s] Level 1:colcon.colcon_core.package_discovery:discover_packages(recursive) using defaults
[0.330s] Level 1:colcon.colcon_core.package_discovery:discover_packages(ignore) discover
[0.330s] Level 1:colcon.colcon_core.package_discovery:discover_packages(ignore) using defaults
[0.330s] Level 1:colcon.colcon_core.package_discovery:discover_packages(path) discover
[0.330s] Level 1:colcon.colcon_core.package_discovery:discover_packages(path) using defaults
[0.348s] Level 1:colcon.colcon_core.package_discovery:discover_packages(prefix_path) check parameters
[0.348s] Level 1:colcon.colcon_core.package_discovery:discover_packages(prefix_path) discover
[0.350s] DEBUG:colcon.colcon_installed_package_information.package_discovery:Found 1 installed packages in /home/student/dev_ws/src/skibot/skibot/install
[0.351s] DEBUG:colcon.colcon_installed_package_information.package_discovery:Found 2 installed packages in /opt/turtlebot3_ws/install
[0.353s] DEBUG:colcon.colcon_installed_package_information.package_discovery:Found 386 installed packages in /opt/ros/humble
[0.354s] Level 1:colcon.colcon_core.package_discovery:discover_packages(prefix_path) using defaults
[0.405s] Level 5:colcon.colcon_core.verb:set package 'skibot_nav' build argument 'cmake_args' from command line to 'None'
[0.405s] Level 5:colcon.colcon_core.verb:set package 'skibot_nav' build argument 'cmake_target' from command line to 'None'
[0.405s] Level 5:colcon.colcon_core.verb:set package 'skibot_nav' build argument 'cmake_target_skip_unavailable' from command line to 'False'
[0.405s] Level 5:colcon.colcon_core.verb:set package 'skibot_nav' build argument 'cmake_clean_cache' from command line to 'False'
[0.405s] Level 5:colcon.colcon_core.verb:set package 'skibot_nav' build argument 'cmake_clean_first' from command line to 'False'
[0.405s] Level 5:colcon.colcon_core.verb:set package 'skibot_nav' build argument 'cmake_force_configure' from command line to 'False'
[0.405s] Level 5:colcon.colcon_core.verb:set package 'skibot_nav' build argument 'ament_cmake_args' from command line to 'None'
[0.405s] Level 5:colcon.colcon_core.verb:set package 'skibot_nav' build argument 'catkin_cmake_args' from command line to 'None'
[0.405s] Level 5:colcon.colcon_core.verb:set package 'skibot_nav' build argument 'catkin_skip_building_tests' from command line to 'False'
[0.405s] DEBUG:colcon.colcon_core.verb:Building package 'skibot_nav' with the following arguments: {'ament_cmake_args': None, 'build_base': '/home/student/dev_ws/src/skibot/skibot_nav/build/skibot_nav', 'catkin_cmake_args': None, 'catkin_skip_building_tests': False, 'cmake_args': None, 'cmake_clean_cache': False, 'cmake_clean_first': False, 'cmake_force_configure': False, 'cmake_target': None, 'cmake_target_skip_unavailable': False, 'install_base': '/home/student/dev_ws/src/skibot/skibot_nav/install/skibot_nav', 'merge_install': False, 'path': '/home/student/dev_ws/src/skibot/skibot_nav', 'symlink_install': True, 'test_result_base': None}
[0.405s] INFO:colcon.colcon_core.executor:Executing jobs using 'parallel' executor
[0.408s] DEBUG:colcon.colcon_parallel_executor.executor.parallel:run_until_complete
[0.408s] INFO:colcon.colcon_ros.task.ament_python.build:Building ROS package in '/home/student/dev_ws/src/skibot/skibot_nav' with build type 'ament_python'
[0.408s] Level 1:colcon.colcon_core.shell:create_environment_hook('skibot_nav', 'ament_prefix_path')
[0.411s] INFO:colcon.colcon_core.plugin_system:Skipping extension 'colcon_core.shell.bat': Not used on non-Windows systems
[0.411s] INFO:colcon.colcon_core.shell:Creating environment hook '/home/student/dev_ws/src/skibot/skibot_nav/install/skibot_nav/share/skibot_nav/hook/ament_prefix_path.ps1'
[0.412s] INFO:colcon.colcon_core.shell:Creating environment descriptor '/home/student/dev_ws/src/skibot/skibot_nav/install/skibot_nav/share/skibot_nav/hook/ament_prefix_path.dsv'
[0.412s] INFO:colcon.colcon_core.shell:Creating environment hook '/home/student/dev_ws/src/skibot/skibot_nav/install/skibot_nav/share/skibot_nav/hook/ament_prefix_path.sh'
[0.414s] INFO:colcon.colcon_core.shell:Skip shell extension 'powershell' for command environment: Not usable outside of PowerShell
[0.414s] DEBUG:colcon.colcon_core.shell:Skip shell extension 'dsv' for command environment
[0.658s] INFO:colcon.colcon_core.task.python.build:Building Python package in '/home/student/dev_ws/src/skibot/skibot_nav'
[0.659s] INFO:colcon.colcon_core.shell:Skip shell extension 'powershell' for command environment: Not usable outside of PowerShell
[0.660s] DEBUG:colcon.colcon_core.shell:Skip shell extension 'dsv' for command environment
[1.094s] DEBUG:colcon.colcon_core.event_handler.log_command:Invoking command in '/home/student/dev_ws/src/skibot/skibot_nav/build/skibot_nav': PYTHONPATH=/home/student/dev_ws/src/skibot/skibot_nav/build/skibot_nav/prefix_override:/home/student/dev_ws/src/skibot/skibot_nav/install/skibot_nav/lib/python3.10/site-packages:${PYTHONPATH} /usr/bin/python3 setup.py develop --editable --build-directory /home/student/dev_ws/src/skibot/skibot_nav/build/skibot_nav/build --no-deps install_data
[1.569s] Level 1:colcon.colcon_core.shell:create_environment_hook('skibot_nav', 'pythonpath_develop')
[1.570s] DEBUG:colcon.colcon_core.event_handler.log_command:Invoked command in '/home/student/dev_ws/src/skibot/skibot_nav/build/skibot_nav' returned '0': PYTHONPATH=/home/student/dev_ws/src/skibot/skibot_nav/build/skibot_nav/prefix_override:/home/student/dev_ws/src/skibot/skibot_nav/install/skibot_nav/lib/python3.10/site-packages:${PYTHONPATH} /usr/bin/python3 setup.py develop --editable --build-directory /home/student/dev_ws/src/skibot/skibot_nav/build/skibot_nav/build --no-deps install_data
[1.571s] INFO:colcon.colcon_core.shell:Creating environment hook '/home/student/dev_ws/src/skibot/skibot_nav/build/skibot_nav/share/skibot_nav/hook/pythonpath_develop.ps1'
[1.572s] INFO:colcon.colcon_core.shell:Creating environment descriptor '/home/student/dev_ws/src/skibot/skibot_nav/build/skibot_nav/share/skibot_nav/hook/pythonpath_develop.dsv'
[1.572s] INFO:colcon.colcon_core.shell:Creating environment hook '/home/student/dev_ws/src/skibot/skibot_nav/build/skibot_nav/share/skibot_nav/hook/pythonpath_develop.sh'
[1.575s] Level 1:colcon.colcon_core.environment:checking '/home/student/dev_ws/src/skibot/skibot_nav/install/skibot_nav' for CMake module files
[1.575s] Level 1:colcon.colcon_core.environment:checking '/home/student/dev_ws/src/skibot/skibot_nav/install/skibot_nav' for CMake config files
[1.576s] Level 1:colcon.colcon_core.environment:checking '/home/student/dev_ws/src/skibot/skibot_nav/install/skibot_nav/lib'
[1.576s] Level 1:colcon.colcon_core.environment:checking '/home/student/dev_ws/src/skibot/skibot_nav/install/skibot_nav/bin'
[1.576s] Level 1:colcon.colcon_core.environment:checking '/home/student/dev_ws/src/skibot/skibot_nav/install/skibot_nav/lib/pkgconfig/skibot_nav.pc'
[1.576s] Level 1:colcon.colcon_core.environment:checking '/home/student/dev_ws/src/skibot/skibot_nav/install/skibot_nav/lib/python3.10/site-packages'
[1.576s] Level 1:colcon.colcon_core.shell:create_environment_hook('skibot_nav', 'pythonpath')
[1.577s] INFO:colcon.colcon_core.shell:Creating environment hook '/home/student/dev_ws/src/skibot/skibot_nav/install/skibot_nav/share/skibot_nav/hook/pythonpath.ps1'
[1.578s] INFO:colcon.colcon_core.shell:Creating environment descriptor '/home/student/dev_ws/src/skibot/skibot_nav/install/skibot_nav/share/skibot_nav/hook/pythonpath.dsv'
[1.578s] INFO:colcon.colcon_core.shell:Creating environment hook '/home/student/dev_ws/src/skibot/skibot_nav/install/skibot_nav/share/skibot_nav/hook/pythonpath.sh'
[1.578s] Level 1:colcon.colcon_core.environment:checking '/home/student/dev_ws/src/skibot/skibot_nav/install/skibot_nav/bin'
[1.578s] Level 1:colcon.colcon_core.environment:create_environment_scripts_only(skibot_nav)
[1.579s] INFO:colcon.colcon_core.shell:Creating package script '/home/student/dev_ws/src/skibot/skibot_nav/install/skibot_nav/share/skibot_nav/package.ps1'
[1.580s] INFO:colcon.colcon_core.shell:Creating package descriptor '/home/student/dev_ws/src/skibot/skibot_nav/install/skibot_nav/share/skibot_nav/package.dsv'
[1.580s] INFO:colcon.colcon_core.shell:Creating package script '/home/student/dev_ws/src/skibot/skibot_nav/install/skibot_nav/share/skibot_nav/package.sh'
[1.581s] INFO:colcon.colcon_core.shell:Creating package script '/home/student/dev_ws/src/skibot/skibot_nav/install/skibot_nav/share/skibot_nav/package.bash'
[1.582s] INFO:colcon.colcon_core.shell:Creating package script '/home/student/dev_ws/src/skibot/skibot_nav/install/skibot_nav/share/skibot_nav/package.zsh'
[1.582s] Level 1:colcon.colcon_core.environment:create_file_with_runtime_dependencies(/home/student/dev_ws/src/skibot/skibot_nav/install/skibot_nav/share/colcon-core/packages/skibot_nav)
[1.582s] DEBUG:colcon.colcon_parallel_executor.executor.parallel:closing loop
[1.582s] DEBUG:colcon.colcon_parallel_executor.executor.parallel:loop closed
[1.582s] DEBUG:colcon.colcon_parallel_executor.executor.parallel:run_until_complete finished with '0'
[1.583s] DEBUG:colcon.colcon_core.event_reactor:joining thread
[1.587s] INFO:colcon.colcon_core.plugin_system:Skipping extension 'colcon_notification.desktop_notification.terminal_notifier': Not used on non-Darwin systems
[1.587s] INFO:colcon.colcon_core.plugin_system:Skipping extension 'colcon_notification.desktop_notification.win32': Not used on non-Windows systems
[1.587s] INFO:colcon.colcon_notification.desktop_notification:Sending desktop notification using 'notify2'
[1.590s] DEBUG:colcon.colcon_core.event_reactor:joined thread
[1.592s] INFO:colcon.colcon_core.shell:Creating prefix script '/home/student/dev_ws/src/skibot/skibot_nav/install/local_setup.ps1'
[1.593s] INFO:colcon.colcon_core.shell:Creating prefix util module '/home/student/dev_ws/src/skibot/skibot_nav/install/_local_setup_util_ps1.py'
[1.595s] INFO:colcon.colcon_core.shell:Creating prefix chain script '/home/student/dev_ws/src/skibot/skibot_nav/install/setup.ps1'
[1.597s] INFO:colcon.colcon_core.shell:Creating prefix script '/home/student/dev_ws/src/skibot/skibot_nav/install/local_setup.sh'
[1.597s] INFO:colcon.colcon_core.shell:Creating prefix util module '/home/student/dev_ws/src/skibot/skibot_nav/install/_local_setup_util_sh.py'
[1.598s] INFO:colcon.colcon_core.shell:Creating prefix chain script '/home/student/dev_ws/src/skibot/skibot_nav/install/setup.sh'
[1.600s] INFO:colcon.colcon_core.shell:Creating prefix script '/home/student/dev_ws/src/skibot/skibot_nav/install/local_setup.bash'
[1.601s] INFO:colcon.colcon_core.shell:Creating prefix chain script '/home/student/dev_ws/src/skibot/skibot_nav/install/setup.bash'
[1.603s] INFO:colcon.colcon_core.shell:Creating prefix script '/home/student/dev_ws/src/skibot/skibot_nav/install/local_setup.zsh'
[1.603s] INFO:colcon.colcon_core.shell:Creating prefix chain script '/home/student/dev_ws/src/skibot/skibot_nav/install/setup.zsh'
