[0.685s] Invoking command in '/home/student/dev_ws/src/skibot/skibot_nav/build/skibot_nav': PYTHONPATH=/home/student/dev_ws/src/skibot/skibot_nav/build/skibot_nav/prefix_override:/home/student/dev_ws/src/skibot/skibot_nav/install/skibot_nav/lib/python3.10/site-packages:${PYTHONPATH} /usr/bin/python3 setup.py develop --editable --build-directory /home/student/dev_ws/src/skibot/skibot_nav/build/skibot_nav/build --no-deps install_data
[0.923s] running develop
[0.924s] /usr/lib/python3/dist-packages/setuptools/command/easy_install.py:158: EasyInstallDeprecationWarning: easy_install command is deprecated. Use build and pip and other standards-based tools.
[0.924s]   warnings.warn(
[0.925s] /usr/lib/python3/dist-packages/setuptools/command/install.py:34: SetuptoolsDeprecationWarning: setup.py install is deprecated. Use build and pip and other standards-based tools.
[0.925s]   warnings.warn(
[0.987s] /usr/lib/python3/dist-packages/pkg_resources/__init__.py:116: PkgResourcesDeprecationWarning: 1.1build1 is an invalid version and will not be supported in a future release
[0.987s]   warnings.warn(
[1.108s] running egg_info
[1.108s] writing skibot_nav.egg-info/PKG-INFO
[1.108s] writing dependency_links to skibot_nav.egg-info/dependency_links.txt
[1.108s] writing entry points to skibot_nav.egg-info/entry_points.txt
[1.108s] writing requirements to skibot_nav.egg-info/requires.txt
[1.108s] writing top-level names to skibot_nav.egg-info/top_level.txt
[1.110s] reading manifest file 'skibot_nav.egg-info/SOURCES.txt'
[1.111s] writing manifest file 'skibot_nav.egg-info/SOURCES.txt'
[1.136s] running build_ext
[1.136s] Creating /home/student/dev_ws/src/skibot/skibot_nav/install/skibot_nav/lib/python3.10/site-packages/skibot-nav.egg-link (link to .)
[1.137s] Installing skibot_nav_node script to /home/student/dev_ws/src/skibot/skibot_nav/install/skibot_nav/lib/skibot_nav
[1.137s] 
[1.138s] Installed /home/student/dev_ws/src/skibot/skibot_nav/build/skibot_nav
[1.138s] running install_data
[1.161s] Invoked command in '/home/student/dev_ws/src/skibot/skibot_nav/build/skibot_nav' returned '0': PYTHONPATH=/home/student/dev_ws/src/skibot/skibot_nav/build/skibot_nav/prefix_override:/home/student/dev_ws/src/skibot/skibot_nav/install/skibot_nav/lib/python3.10/site-packages:${PYTHONPATH} /usr/bin/python3 setup.py develop --editable --build-directory /home/student/dev_ws/src/skibot/skibot_nav/build/skibot_nav/build --no-deps install_data
