[0.661s] Invoking command in '/home/student/dev_ws/src/skibot/skibot_nav/build/skibot_nav': PYTHONPATH=/home/student/dev_ws/src/skibot/skibot_nav/build/skibot_nav/prefix_override:/home/student/dev_ws/src/skibot/skibot_nav/install/skibot_nav/lib/python3.10/site-packages:${PYTHONPATH} /usr/bin/python3 setup.py develop --editable --build-directory /home/student/dev_ws/src/skibot/skibot_nav/build/skibot_nav/build --no-deps install_data
[0.901s] running develop
[0.901s] /usr/lib/python3/dist-packages/setuptools/command/easy_install.py:158: EasyInstallDeprecationWarning: easy_install command is deprecated. Use build and pip and other standards-based tools.
[0.901s]   warnings.warn(
[0.902s] /usr/lib/python3/dist-packages/setuptools/command/install.py:34: SetuptoolsDeprecationWarning: setup.py install is deprecated. Use build and pip and other standards-based tools.
[0.902s]   warnings.warn(
[0.965s] /usr/lib/python3/dist-packages/pkg_resources/__init__.py:116: PkgResourcesDeprecationWarning: 1.1build1 is an invalid version and will not be supported in a future release
[0.965s]   warnings.warn(
[1.086s] running egg_info
[1.087s] writing skibot_nav.egg-info/PKG-INFO
[1.087s] writing dependency_links to skibot_nav.egg-info/dependency_links.txt
[1.087s] writing entry points to skibot_nav.egg-info/entry_points.txt
[1.087s] writing requirements to skibot_nav.egg-info/requires.txt
[1.087s] writing top-level names to skibot_nav.egg-info/top_level.txt
[1.089s] reading manifest file 'skibot_nav.egg-info/SOURCES.txt'
[1.090s] writing manifest file 'skibot_nav.egg-info/SOURCES.txt'
[1.114s] running build_ext
[1.114s] Creating /home/student/dev_ws/src/skibot/skibot_nav/install/skibot_nav/lib/python3.10/site-packages/skibot-nav.egg-link (link to .)
[1.115s] Installing skibot_nav_node script to /home/student/dev_ws/src/skibot/skibot_nav/install/skibot_nav/lib/skibot_nav
[1.115s] 
[1.115s] Installed /home/student/dev_ws/src/skibot/skibot_nav/build/skibot_nav
[1.115s] running install_data
[1.141s] Invoked command in '/home/student/dev_ws/src/skibot/skibot_nav/build/skibot_nav' returned '0': PYTHONPATH=/home/student/dev_ws/src/skibot/skibot_nav/build/skibot_nav/prefix_override:/home/student/dev_ws/src/skibot/skibot_nav/install/skibot_nav/lib/python3.10/site-packages:${PYTHONPATH} /usr/bin/python3 setup.py develop --editable --build-directory /home/student/dev_ws/src/skibot/skibot_nav/build/skibot_nav/build --no-deps install_data
