running develop
running egg_info
creating skibot_nav.egg-info
writing skibot_nav.egg-info/PKG-INFO
writing dependency_links to skibot_nav.egg-info/dependency_links.txt
writing entry points to skibot_nav.egg-info/entry_points.txt
writing requirements to skibot_nav.egg-info/requires.txt
writing top-level names to skibot_nav.egg-info/top_level.txt
writing manifest file 'skibot_nav.egg-info/SOURCES.txt'
reading manifest file 'skibot_nav.egg-info/SOURCES.txt'
writing manifest file 'skibot_nav.egg-info/SOURCES.txt'
running build_ext
Creating /home/student/dev_ws/src/skibot/skibot_nav/install/skibot_nav/lib/python3.10/site-packages/skibot-nav.egg-link (link to .)
Installing skibot_nav_node script to /home/student/dev_ws/src/skibot/skibot_nav/install/skibot_nav/lib/skibot_nav

Installed /home/student/dev_ws/src/skibot/skibot_nav/build/skibot_nav
running install_data
creating /home/student/dev_ws/src/skibot/skibot_nav/install/skibot_nav/share/ament_index
creating /home/student/dev_ws/src/skibot/skibot_nav/install/skibot_nav/share/ament_index/resource_index
creating /home/student/dev_ws/src/skibot/skibot_nav/install/skibot_nav/share/ament_index/resource_index/packages
copying resource/skibot_nav -> /home/student/dev_ws/src/skibot/skibot_nav/install/skibot_nav/share/ament_index/resource_index/packages
copying package.xml -> /home/student/dev_ws/src/skibot/skibot_nav/install/skibot_nav/share/skibot_nav
